Info: Series:GW1N-9C Device:GW1NR-9C Package:QFN88P Speed:C6/I5
Info: Cell led[0] not found
Info: Cell led[0] not found
Info: Cell led[1] not found
Info: Cell led[1] not found
Info: Cell led[2] not found
Info: Cell led[2] not found
Info: Cell led[3] not found
Info: Cell led[3] not found
Info: Cell led[4] not found
Info: Cell led[4] not found
Info: Cell led[5] not found
Info: Cell led[5] not found
Info: Cell ent[1] not found
Info: Cell ent[2] not found
Info: Cell ent[3] not found
Info: Cell ent[4] not found

Info: Packing constants..
Info: Packing Shadow RAM..
Info: Packing GSR..
Info: Packing IOs..
Info: Packing diff IOs..
Info: Packing IO logic..
Info: Packing wide LUTs..
Info: Packing LUT5s..
Info: Packing LUT6s..
Info: Packing LUT7s..
Info: Packing LUT8s..
Info: Packing ALUs..
Info: Packing LUT-FFs..
Info: Packing non-LUT FFs..
Info: Packing PLLs..
Info: Checksum: 0x8bcae074

Info: Annotating ports with timing budgets for target frequency 27.00 MHz
Info: Checksum: 0x8bcae074

Info: Device utilisation:
Info: 	                 VCC:     1/    1   100%
Info: 	               SLICE:     7/ 8640     0%
Info: 	                 IOB:    11/  274     4%
Info: 	                ODDR:     0/  274     0%
Info: 	           MUX2_LUT5:     0/ 4320     0%
Info: 	           MUX2_LUT6:     0/ 2160     0%
Info: 	           MUX2_LUT7:     0/ 1080     0%
Info: 	           MUX2_LUT8:     0/ 1056     0%
Info: 	                 GND:     1/    1   100%
Info: 	                RAMW:     0/  270     0%
Info: 	                 GSR:     1/    1   100%
Info: 	                 OSC:     0/    1     0%
Info: 	                rPLL:     0/    2     0%

Info: Placed 7 cells based on constraints.
Info: Creating initial analytic placement for 9 cells, random placement wirelen = 406.
Info:     at initial placer iter 0, wirelen = 219
Info:     at initial placer iter 1, wirelen = 219
Info:     at initial placer iter 2, wirelen = 219
Info:     at initial placer iter 3, wirelen = 219
Info: Running main analytical placer, max placement attempts per cell = 10000.
Info:     at iteration #1, type SLICE: wirelen solved = 219, spread = 219, legal = 221; time = 0.00s
Info:     at iteration #1, type VCC: wirelen solved = 221, spread = 221, legal = 221; time = 0.00s
Info:     at iteration #1, type GSR: wirelen solved = 221, spread = 221, legal = 221; time = 0.00s
Info:     at iteration #1, type ALL: wirelen solved = 218, spread = 219, legal = 219; time = 0.00s
Info: HeAP Placer Time: 0.02s
Info:   of which solving equations: 0.00s
Info:   of which spreading cells: 0.00s
Info:   of which strict legalisation: 0.00s

Info: Running simulated annealing placer for refinement.
Info:   at iteration #1: temp = 0.000000, timing cost = 0, wirelen = 219
Info:   at iteration #5: temp = 0.000000, timing cost = 0, wirelen = 115
Info:   at iteration #10: temp = 0.000000, timing cost = 0, wirelen = 109
Info:   at iteration #15: temp = 0.000000, timing cost = 0, wirelen = 106
Info:   at iteration #17: temp = 0.000000, timing cost = 0, wirelen = 105 
Info: SA placement time 0.00s

Info: Max delay <async> -> <async>: 13.90 ns

Info: Slack histogram:
Info:  legend: * represents 1 endpoint(s)
Info:          + represents [1,1) endpoint(s)
Info: [ 23139,  23794) |* 
Info: [ 23794,  24449) | 
Info: [ 24449,  25104) |* 
Info: [ 25104,  25759) | 
Info: [ 25759,  26414) | 
Info: [ 26414,  27069) | 
Info: [ 27069,  27724) | 
Info: [ 27724,  28379) |* 
Info: [ 28379,  29034) |* 
Info: [ 29034,  29689) | 
Info: [ 29689,  30344) |***** 
Info: [ 30344,  30999) |* 
Info: [ 30999,  31654) |* 
Info: [ 31654,  32309) |****** 
Info: [ 32309,  32964) |***** 
Info: [ 32964,  33619) |******* 
Info: [ 33619,  34274) |*** 
Info: [ 34274,  34929) | 
Info: [ 34929,  35584) |** 
Info: [ 35584,  36239) |* 
Info: Checksum: 0x7a302178
Info: Find global nets...
Info: Routing globals...
Info:   Route net palabra_IBUF_I_O[1], use clock #0.
Info:   Net palabra_IBUF_I_O[1] is routed.

Info: Routing..
Info: Setting up routing queue.
Info: Routing 29 arcs.
Info:            |   (re-)routed arcs  |   delta    | remaining|       time spent     |
Info:    IterCnt |  w/ripup   wo/ripup |  w/r  wo/r |      arcs| batch(sec) total(sec)|
Info:         30 |        1         29 |    1    29 |         0|       0.04       0.04|
Info: Routing complete.
Info: Router1 time 0.04s
Info: Checksum: 0x8506953a

Info: Critical path report for cross-domain path '<async>' -> '<async>':
Info: curr total
Info:  0.0  0.0  Source palabra_IBUF_I_2$iob.O
Info:  3.4  3.4    Net palabra_IBUF_I_O[0] budget 37.037037 ns (46,21) -> (39,26)
Info:                Sink seg_OBUF_O_6_I_LUT4_F_LC.A
Info:                Defined in:
Info:                  d:\oss-cad-suite\bin\../share/yosys/gowin/cells_map.v:130.20-130.21
Info:  1.0  4.4  Source seg_OBUF_O_6_I_LUT4_F_LC.F
Info:  3.4  7.7    Net seg_OBUF_O_6_I budget 17.969519 ns (39,26) -> (28,28)
Info:                Sink seg_OBUF_O_6$iob.I
Info: 1.0 ns logic, 6.7 ns routing

Info: Max delay <async> -> <async>: 7.74 ns

Info: Slack histogram:
Info:  legend: * represents 1 endpoint(s)
Info:          + represents [1,1) endpoint(s)
Info: [ 29300,  29656) |* 
Info: [ 29656,  30012) |* 
Info: [ 30012,  30368) | 
Info: [ 30368,  30724) | 
Info: [ 30724,  31080) | 
Info: [ 31080,  31436) | 
Info: [ 31436,  31792) | 
Info: [ 31792,  32148) |* 
Info: [ 32148,  32504) |*** 
Info: [ 32504,  32860) | 
Info: [ 32860,  33216) |* 
Info: [ 33216,  33572) |** 
Info: [ 33572,  33928) |**** 
Info: [ 33928,  34284) |******* 
Info: [ 34284,  34640) |**** 
Info: [ 34640,  34996) |** 
Info: [ 34996,  35352) |** 
Info: [ 35352,  35708) | 
Info: [ 35708,  36064) | 
Info: [ 36064,  36420) |******* 

Info: Program finished normally.
